Using pre-set license
Built from '2020.3/staging' branch; Version is '2020.3.10f1 (297d780c91bc) revision 2719096'; Using compiler version '192528614'; Build Type 'Release'
OS: 'Windows 10 Home; OS build 19042.1110; Version 2009; 64bit' Language: 'en' Physical Memory: 16144 MB
BatchMode: 1, IsHumanControllingUs: 0, StartBugReporterOnCrash: 0, Is64bit: 1, IsPro: 0

 COMMAND LINE ARGUMENTS:
C:\Program Files\Unity\Hub\Editor\2020.3.10f1\Editor\Unity.exe
-adb2
-batchMode
-noUpm
-name
AssetImportWorker0
-projectPath
C:/Users/JWWY/rhythmgame
-logFile
Logs/AssetImportWorker0.log
-srvPort
61466
Successfully changed project path to: C:/Users/JWWY/rhythmgame
C:/Users/JWWY/rhythmgame
Using Asset Import Pipeline V2.
Refreshing native plugins compatible for Editor in 65.60 ms, found 2 plugins.
Preloading 0 native plugins for Editor in 0.00 ms.
Initialize engine version: 2020.3.10f1 (297d780c91bc)
[Subsystems] Discovering subsystems at path C:/Program Files/Unity/Hub/Editor/2020.3.10f1/Editor/Data/Resources/UnitySubsystems
[Subsystems] Discovering subsystems at path C:/Users/JWWY/rhythmgame/Assets
GfxDevice: creating device client; threaded=0
Direct3D:
    Version:  Direct3D 11.0 [level 11.1]
    Renderer: Intel(R) UHD Graphics (ID=0x9b41)
    Vendor:   
    VRAM:     8072 MB
    Driver:   27.20.100.8935
Initialize mono
Mono path[0] = 'C:/Program Files/Unity/Hub/Editor/2020.3.10f1/Editor/Data/Managed'
Mono path[1] = 'C:/Program Files/Unity/Hub/Editor/2020.3.10f1/Editor/Data/MonoBleedingEdge/lib/mono/unityjit'
Mono config path = 'C:/Program Files/Unity/Hub/Editor/2020.3.10f1/Editor/Data/MonoBleedingEdge/etc'
Using monoOptions --debugger-agent=transport=dt_socket,embedding=1,server=y,suspend=n,address=127.0.0.1:56488
Begin MonoManager ReloadAssembly
Registering precompiled unity dll's ...
Register platform support module: C:/Program Files/Unity/Hub/Editor/2020.3.10f1/Editor/Data/PlaybackEngines/WindowsStandaloneSupport/UnityEditor.WindowsStandalone.Extensions.dll
Registered in 0.002761 seconds.
Native extension for WindowsStandalone target not found
Refreshing native plugins compatible for Editor in 55.39 ms, found 2 plugins.
Preloading 0 native plugins for Editor in 0.00 ms.
Mono: successfully reloaded assembly
- Completed reload, in  1.673 seconds
Platform modules already initialized, skipping
Registering precompiled user dll's ...
Registered in 0.011492 seconds.
Begin MonoManager ReloadAssembly
Native extension for WindowsStandalone target not found
Refreshing native plugins compatible for Editor in 79.83 ms, found 2 plugins.
Preloading 0 native plugins for Editor in 0.00 ms.
Mono: successfully reloaded assembly
- Completed reload, in  2.678 seconds
Platform modules already initialized, skipping
========================================================================
Worker process is ready to serve import requests
Launched and connected shader compiler UnityShaderCompiler.exe after 0.13 seconds
Refreshing native plugins compatible for Editor in 0.66 ms, found 2 plugins.
Preloading 0 native plugins for Editor in 0.00 ms.
Unloading 2158 Unused Serialized files (Serialized files now loaded: 0)
System memory in use before: 89.2 MB.
System memory in use after: 89.1 MB.

Unloading 21 unused Assets to reduce memory usage. Loaded Objects now: 2591.
Total: 3.758600 ms (FindLiveObjects: 0.340600 ms CreateObjectMapping: 0.195000 ms MarkObjects: 2.999700 ms  DeleteObjects: 0.221000 ms)

========================================================================
Received Import Request.
  path: Assets/Scenes/Level 7.unity
  artifactKey: Guid(a44d0c74cff628946a8416a338ceee0f) Importer(815301076,1909f56bfc062723c751e8b465ee728b)
Start importing Assets/Scenes/Level 7.unity using Guid(a44d0c74cff628946a8416a338ceee0f) Importer(815301076,1909f56bfc062723c751e8b465ee728b)  -> (artifact id: '1cbfbcd71500fd1db70902e082b9975a') in 0.029077 seconds
  Import took 0.035565 seconds .

========================================================================
Received Import Request.
  Time since last request: 8.921239 seconds.
  path: Assets/Scenes/Level 6.unity
  artifactKey: Guid(252b13de13c35bf4a9a196d75f298d4c) Importer(815301076,1909f56bfc062723c751e8b465ee728b)
Start importing Assets/Scenes/Level 6.unity using Guid(252b13de13c35bf4a9a196d75f298d4c) Importer(815301076,1909f56bfc062723c751e8b465ee728b)  -> (artifact id: '111b1a2a146fe66554757eaff027f872') in 0.003671 seconds
  Import took 0.009930 seconds .

========================================================================
Received Import Request.
  Time since last request: 11.606265 seconds.
  path: Assets/Scenes/Level 6.unity
  artifactKey: Guid(252b13de13c35bf4a9a196d75f298d4c) Importer(815301076,1909f56bfc062723c751e8b465ee728b)
Start importing Assets/Scenes/Level 6.unity using Guid(252b13de13c35bf4a9a196d75f298d4c) Importer(815301076,1909f56bfc062723c751e8b465ee728b)  -> (artifact id: '89355d054efc78948c69f02564f66277') in 0.003016 seconds
  Import took 0.008906 seconds .

========================================================================
Received Import Request.
  Time since last request: 0.764470 seconds.
  path: Assets/Scenes/Level 5.unity
  artifactKey: Guid(b7bc1912907e13946b54784f4e181ac9) Importer(815301076,1909f56bfc062723c751e8b465ee728b)
Start importing Assets/Scenes/Level 5.unity using Guid(b7bc1912907e13946b54784f4e181ac9) Importer(815301076,1909f56bfc062723c751e8b465ee728b)  -> (artifact id: '9268342cddcf8d30bac8e5ea560e206f') in 0.003276 seconds
  Import took 0.008776 seconds .

========================================================================
Received Import Request.
  Time since last request: 12.339472 seconds.
  path: Assets/Scenes/Level 5.unity
  artifactKey: Guid(b7bc1912907e13946b54784f4e181ac9) Importer(815301076,1909f56bfc062723c751e8b465ee728b)
Start importing Assets/Scenes/Level 5.unity using Guid(b7bc1912907e13946b54784f4e181ac9) Importer(815301076,1909f56bfc062723c751e8b465ee728b)  -> (artifact id: 'aea64ce36156240f0f0af2255a06456e') in 0.002693 seconds
  Import took 0.007675 seconds .

========================================================================
Received Import Request.
  Time since last request: 1.211964 seconds.
  path: Assets/Scenes/Level 4.unity
  artifactKey: Guid(4cf0239112fa2564ab317ce768309458) Importer(815301076,1909f56bfc062723c751e8b465ee728b)
Start importing Assets/Scenes/Level 4.unity using Guid(4cf0239112fa2564ab317ce768309458) Importer(815301076,1909f56bfc062723c751e8b465ee728b)  -> (artifact id: '79683f7f0d7e6544d6681b696f5990b0') in 0.003177 seconds
  Import took 0.008831 seconds .

========================================================================
Received Import Request.
  Time since last request: 21.489982 seconds.
  path: Assets/Scenes/Level 2.unity
  artifactKey: Guid(1e23a5a7e97ede64781e274134ff23db) Importer(815301076,1909f56bfc062723c751e8b465ee728b)
Start importing Assets/Scenes/Level 2.unity using Guid(1e23a5a7e97ede64781e274134ff23db) Importer(815301076,1909f56bfc062723c751e8b465ee728b)  -> (artifact id: 'ebd9ed9a8b234444376e6fc0ecf24d12') in 0.003674 seconds
  Import took 0.009123 seconds .

========================================================================
Received Import Request.
  Time since last request: 309.310619 seconds.
  path: Assets/Scenes 2/at school 1.unity
  artifactKey: Guid(d06f77ce24c21324f940ccc61304c5b9) Importer(815301076,1909f56bfc062723c751e8b465ee728b)
Start importing Assets/Scenes 2/at school 1.unity using Guid(d06f77ce24c21324f940ccc61304c5b9) Importer(815301076,1909f56bfc062723c751e8b465ee728b)  -> (artifact id: 'a5aed4571e889f36308a9e90c209225e') in 0.004848 seconds
  Import took 0.009721 seconds .

========================================================================
Received Import Request.
  Time since last request: 14.857934 seconds.
  path: Assets/Scenes 2/behind school 1.unity
  artifactKey: Guid(a26ce5d6e40e31646ae2e6455488df1f) Importer(815301076,1909f56bfc062723c751e8b465ee728b)
Start importing Assets/Scenes 2/behind school 1.unity using Guid(a26ce5d6e40e31646ae2e6455488df1f) Importer(815301076,1909f56bfc062723c751e8b465ee728b)  -> (artifact id: 'ae71b0f955786c78c8fc9f9dd25f8221') in 0.005445 seconds
  Import took 0.011515 seconds .

========================================================================
Received Import Request.
  Time since last request: 20.209603 seconds.
  path: Assets/moosic
  artifactKey: Guid(967b09083291d4b43ba42643c3403056) Importer(815301076,1909f56bfc062723c751e8b465ee728b)
Start importing Assets/moosic using Guid(967b09083291d4b43ba42643c3403056) Importer(815301076,1909f56bfc062723c751e8b465ee728b)  -> (artifact id: 'e228e62af121704837010b4d5ba4d710') in 0.004460 seconds
  Import took 0.009321 seconds .

========================================================================
Received Import Request.
  Time since last request: 0.070416 seconds.
  path: Assets/moosic/Evans Full.ogg
  artifactKey: Guid(c2925ebe63698a345823a603632767aa) Importer(815301076,1909f56bfc062723c751e8b465ee728b)
Start importing Assets/moosic/Evans Full.ogg using Guid(c2925ebe63698a345823a603632767aa) Importer(815301076,1909f56bfc062723c751e8b465ee728b)  -> (artifact id: '4846ca7e51d17c892c34771232d42d59') in 0.104952 seconds
  Import took 0.110610 seconds .

========================================================================
Received Import Request.
  Time since last request: 0.000355 seconds.
  path: Assets/moosic/Forgotten Memories.mp3
  artifactKey: Guid(e544a3ab12edb584583c456ad16b8019) Importer(815301076,1909f56bfc062723c751e8b465ee728b)
Start importing Assets/moosic/Forgotten Memories.mp3 using Guid(e544a3ab12edb584583c456ad16b8019) Importer(815301076,1909f56bfc062723c751e8b465ee728b)  -> (artifact id: '5b8e4982096c5ff71d81fd487cd896ae') in 0.016907 seconds
  Import took 0.021638 seconds .

========================================================================
Received Import Request.
  Time since last request: 0.000361 seconds.
  path: Assets/moosic/Guitar on the Water.ogg
  artifactKey: Guid(01735b015b5cc6741afc3477dcf52660) Importer(815301076,1909f56bfc062723c751e8b465ee728b)
Start importing Assets/moosic/Guitar on the Water.ogg using Guid(01735b015b5cc6741afc3477dcf52660) Importer(815301076,1909f56bfc062723c751e8b465ee728b)  -> (artifact id: '45115e71e921e7ef6285b2467c10b7c5') in 0.013476 seconds
  Import took 0.018350 seconds .

========================================================================
Received Import Request.
  Time since last request: 52.676766 seconds.
  path: Assets/Scenes 2/at house 1.unity
  artifactKey: Guid(2b27f3609b7fd6a4094f8d5d97a82a21) Importer(815301076,1909f56bfc062723c751e8b465ee728b)
Start importing Assets/Scenes 2/at house 1.unity using Guid(2b27f3609b7fd6a4094f8d5d97a82a21) Importer(815301076,1909f56bfc062723c751e8b465ee728b)  -> (artifact id: '1ff8703484b22b456da8910425bef097') in 0.006284 seconds
  Import took 0.011784 seconds .

========================================================================
Received Import Request.
  Time since last request: 95.212574 seconds.
  path: Assets/Scenes 2/MC 1.unity
  artifactKey: Guid(8160002eb17831448869e64bf9b9085d) Importer(815301076,1909f56bfc062723c751e8b465ee728b)
Start importing Assets/Scenes 2/MC 1.unity using Guid(8160002eb17831448869e64bf9b9085d) Importer(815301076,1909f56bfc062723c751e8b465ee728b)  -> (artifact id: 'e07deeeadb01d68b80cb0b563f13d1fb') in 0.004882 seconds
  Import took 0.009241 seconds .

========================================================================
Received Import Request.
  Time since last request: 41.677283 seconds.
  path: Assets/Scenes 2/penelope 1.unity
  artifactKey: Guid(9d978de76959aa641b3eb09bf42034d0) Importer(815301076,1909f56bfc062723c751e8b465ee728b)
Start importing Assets/Scenes 2/penelope 1.unity using Guid(9d978de76959aa641b3eb09bf42034d0) Importer(815301076,1909f56bfc062723c751e8b465ee728b)  -> (artifact id: 'd8c05edbd6c184c67447cb8ef5e31803') in 0.004547 seconds
  Import took 0.011431 seconds .

========================================================================
Received Import Request.
  Time since last request: 12.257454 seconds.
  path: Assets/Scenes 2/noah 1.unity
  artifactKey: Guid(c76b7383ea8a3764a8662ab0ca3c8178) Importer(815301076,1909f56bfc062723c751e8b465ee728b)
Start importing Assets/Scenes 2/noah 1.unity using Guid(c76b7383ea8a3764a8662ab0ca3c8178) Importer(815301076,1909f56bfc062723c751e8b465ee728b)  -> (artifact id: 'd87f4bb430bc5b862256d1307b12e032') in 0.005784 seconds
  Import took 0.010521 seconds .

========================================================================
Received Import Request.
  Time since last request: 11.502216 seconds.
  path: Assets/Scenes 2/elijah 1.unity
  artifactKey: Guid(64419cb070658f541b0ab9268504579c) Importer(815301076,1909f56bfc062723c751e8b465ee728b)
Start importing Assets/Scenes 2/elijah 1.unity using Guid(64419cb070658f541b0ab9268504579c) Importer(815301076,1909f56bfc062723c751e8b465ee728b)  -> (artifact id: 'a9949d71e7fb095683a0d808fb3702f7') in 0.005249 seconds
  Import took 0.011332 seconds .

========================================================================
Received Import Request.
  Time since last request: 15.926412 seconds.
  path: Assets/Scenes 2/at house 1.unity
  artifactKey: Guid(2b27f3609b7fd6a4094f8d5d97a82a21) Importer(815301076,1909f56bfc062723c751e8b465ee728b)
Start importing Assets/Scenes 2/at house 1.unity using Guid(2b27f3609b7fd6a4094f8d5d97a82a21) Importer(815301076,1909f56bfc062723c751e8b465ee728b)  -> (artifact id: '8323e1c02f166033fadbc8945fd33809') in 0.004046 seconds
  Import took 0.008516 seconds .

========================================================================
Received Import Request.
  Time since last request: 33.696480 seconds.
  path: Assets/Scenes 2/behind school 1.unity
  artifactKey: Guid(a26ce5d6e40e31646ae2e6455488df1f) Importer(815301076,1909f56bfc062723c751e8b465ee728b)
Start importing Assets/Scenes 2/behind school 1.unity using Guid(a26ce5d6e40e31646ae2e6455488df1f) Importer(815301076,1909f56bfc062723c751e8b465ee728b)  -> (artifact id: 'bae84d3b32f2077ee9cab514df1f9c27') in 0.002832 seconds
  Import took 0.008207 seconds .

========================================================================
Received Prepare
Registering precompiled user dll's ...
Registered in 0.006237 seconds.
Begin MonoManager ReloadAssembly
Native extension for WindowsStandalone target not found
Refreshing native plugins compatible for Editor in 0.72 ms, found 2 plugins.
Preloading 0 native plugins for Editor in 0.00 ms.
Mono: successfully reloaded assembly
- Completed reload, in  1.694 seconds
Platform modules already initialized, skipping
Refreshing native plugins compatible for Editor in 0.69 ms, found 2 plugins.
Preloading 0 native plugins for Editor in 0.00 ms.
Unloading 2142 Unused Serialized files (Serialized files now loaded: 0)
System memory in use before: 91.2 MB.
System memory in use after: 91.2 MB.

Unloading 16 unused Assets to reduce memory usage. Loaded Objects now: 2603.
Total: 4.445100 ms (FindLiveObjects: 0.398600 ms CreateObjectMapping: 0.188100 ms MarkObjects: 3.662600 ms  DeleteObjects: 0.193300 ms)

========================================================================
Received Prepare
Refreshing native plugins compatible for Editor in 4.20 ms, found 2 plugins.
Preloading 0 native plugins for Editor in 0.00 ms.
Unloading 14 Unused Serialized files (Serialized files now loaded: 0)
System memory in use before: 49.2 MB.
System memory in use after: 49.2 MB.

Unloading 14 unused Assets to reduce memory usage. Loaded Objects now: 2603.
Total: 2.782700 ms (FindLiveObjects: 0.268300 ms CreateObjectMapping: 0.101500 ms MarkObjects: 2.291300 ms  DeleteObjects: 0.120500 ms)

