Using pre-set license
Built from '2020.3/staging' branch; Version is '2020.3.10f1 (297d780c91bc) revision 2719096'; Using compiler version '192528614'; Build Type 'Release'
OS: 'Windows 10 Home; OS build 19042.1110; Version 2009; 64bit' Language: 'en' Physical Memory: 16144 MB
BatchMode: 1, IsHumanControllingUs: 0, StartBugReporterOnCrash: 0, Is64bit: 1, IsPro: 0

 COMMAND LINE ARGUMENTS:
C:\Program Files\Unity\Hub\Editor\2020.3.10f1\Editor\Unity.exe
-adb2
-batchMode
-noUpm
-name
AssetImportWorker0
-projectPath
C:/Users/JWWY/rhythmgame
-logFile
Logs/AssetImportWorker0.log
-srvPort
56485
Successfully changed project path to: C:/Users/JWWY/rhythmgame
C:/Users/JWWY/rhythmgame
Using Asset Import Pipeline V2.
Refreshing native plugins compatible for Editor in 34.20 ms, found 2 plugins.
Preloading 0 native plugins for Editor in 0.00 ms.
Initialize engine version: 2020.3.10f1 (297d780c91bc)
[Subsystems] Discovering subsystems at path C:/Program Files/Unity/Hub/Editor/2020.3.10f1/Editor/Data/Resources/UnitySubsystems
[Subsystems] Discovering subsystems at path C:/Users/JWWY/rhythmgame/Assets
GfxDevice: creating device client; threaded=0
Direct3D:
    Version:  Direct3D 11.0 [level 11.1]
    Renderer: Intel(R) UHD Graphics (ID=0x9b41)
    Vendor:   
    VRAM:     8072 MB
    Driver:   27.20.100.8935
Initialize mono
Mono path[0] = 'C:/Program Files/Unity/Hub/Editor/2020.3.10f1/Editor/Data/Managed'
Mono path[1] = 'C:/Program Files/Unity/Hub/Editor/2020.3.10f1/Editor/Data/MonoBleedingEdge/lib/mono/unityjit'
Mono config path = 'C:/Program Files/Unity/Hub/Editor/2020.3.10f1/Editor/Data/MonoBleedingEdge/etc'
Using monoOptions --debugger-agent=transport=dt_socket,embedding=1,server=y,suspend=n,address=127.0.0.1:56100
Begin MonoManager ReloadAssembly
Registering precompiled unity dll's ...
Register platform support module: C:/Program Files/Unity/Hub/Editor/2020.3.10f1/Editor/Data/PlaybackEngines/WindowsStandaloneSupport/UnityEditor.WindowsStandalone.Extensions.dll
Registered in 0.002139 seconds.
Native extension for WindowsStandalone target not found
Refreshing native plugins compatible for Editor in 34.10 ms, found 2 plugins.
Preloading 0 native plugins for Editor in 0.00 ms.
Mono: successfully reloaded assembly
- Completed reload, in  1.004 seconds
Platform modules already initialized, skipping
Registering precompiled user dll's ...
Registered in 0.004011 seconds.
Begin MonoManager ReloadAssembly
Native extension for WindowsStandalone target not found
Refreshing native plugins compatible for Editor in 33.01 ms, found 2 plugins.
Preloading 0 native plugins for Editor in 0.00 ms.
Mono: successfully reloaded assembly
- Completed reload, in  0.998 seconds
Platform modules already initialized, skipping
========================================================================
Worker process is ready to serve import requests
Launched and connected shader compiler UnityShaderCompiler.exe after 0.06 seconds
Refreshing native plugins compatible for Editor in 0.40 ms, found 2 plugins.
Preloading 0 native plugins for Editor in 0.00 ms.
Unloading 2154 Unused Serialized files (Serialized files now loaded: 0)
System memory in use before: 89.1 MB.
System memory in use after: 89.0 MB.

Unloading 21 unused Assets to reduce memory usage. Loaded Objects now: 2587.
Total: 2.279700 ms (FindLiveObjects: 0.269400 ms CreateObjectMapping: 0.097800 ms MarkObjects: 1.789900 ms  DeleteObjects: 0.121200 ms)

========================================================================
Received Import Request.
  path: Assets/Menus/Story Mode.unity
  artifactKey: Guid(259009f96c5ec1f49a62b4f2128fd383) Importer(815301076,1909f56bfc062723c751e8b465ee728b)
Start importing Assets/Menus/Story Mode.unity using Guid(259009f96c5ec1f49a62b4f2128fd383) Importer(815301076,1909f56bfc062723c751e8b465ee728b)  -> (artifact id: '5132d2dbdec23fe6a520c93ae17de87a') in 0.010006 seconds
  Import took 0.014346 seconds .

========================================================================
Received Prepare
Registering precompiled user dll's ...
Registered in 0.006615 seconds.
Begin MonoManager ReloadAssembly
Native extension for WindowsStandalone target not found
Refreshing native plugins compatible for Editor in 1.14 ms, found 2 plugins.
Preloading 0 native plugins for Editor in 0.00 ms.
Mono: successfully reloaded assembly
- Completed reload, in  1.287 seconds
Platform modules already initialized, skipping
Refreshing native plugins compatible for Editor in 0.53 ms, found 2 plugins.
Preloading 0 native plugins for Editor in 0.00 ms.
Unloading 2138 Unused Serialized files (Serialized files now loaded: 0)
System memory in use before: 88.1 MB.
System memory in use after: 88.1 MB.

Unloading 16 unused Assets to reduce memory usage. Loaded Objects now: 2590.
Total: 2.663100 ms (FindLiveObjects: 0.277100 ms CreateObjectMapping: 0.101100 ms MarkObjects: 2.142700 ms  DeleteObjects: 0.140400 ms)

========================================================================
Received Import Request.
  Time since last request: 140.750624 seconds.
  path: Assets/Scenes 2/at house 1.unity
  artifactKey: Guid(2b27f3609b7fd6a4094f8d5d97a82a21) Importer(815301076,1909f56bfc062723c751e8b465ee728b)
Start importing Assets/Scenes 2/at house 1.unity using Guid(2b27f3609b7fd6a4094f8d5d97a82a21) Importer(815301076,1909f56bfc062723c751e8b465ee728b)  -> (artifact id: 'c931b5f0ffabaebac03d624b2c4d6a05') in 0.012428 seconds
  Import took 0.015530 seconds .

========================================================================
Received Prepare
Registering precompiled user dll's ...
Registered in 0.003861 seconds.
Begin MonoManager ReloadAssembly
Native extension for WindowsStandalone target not found
Refreshing native plugins compatible for Editor in 0.42 ms, found 2 plugins.
Preloading 0 native plugins for Editor in 0.00 ms.
Mono: successfully reloaded assembly
- Completed reload, in  0.961 seconds
Platform modules already initialized, skipping
Refreshing native plugins compatible for Editor in 0.41 ms, found 2 plugins.
Preloading 0 native plugins for Editor in 0.00 ms.
Unloading 2139 Unused Serialized files (Serialized files now loaded: 0)
System memory in use before: 88.1 MB.
System memory in use after: 88.1 MB.

Unloading 16 unused Assets to reduce memory usage. Loaded Objects now: 2594.
Total: 1.992200 ms (FindLiveObjects: 0.257000 ms CreateObjectMapping: 0.111000 ms MarkObjects: 1.517200 ms  DeleteObjects: 0.106000 ms)

========================================================================
Received Import Request.
  Time since last request: 187.488932 seconds.
  path: Assets/Scripts/pausemenu.cs
  artifactKey: Guid(567f9fdd7c566854fafd0e7cf226d7ea) Importer(815301076,1909f56bfc062723c751e8b465ee728b)
Start importing Assets/Scripts/pausemenu.cs using Guid(567f9fdd7c566854fafd0e7cf226d7ea) Importer(815301076,1909f56bfc062723c751e8b465ee728b)  -> (artifact id: '4f18cff8b9423cb0462ca0c407208d6d') in 0.039033 seconds
  Import took 0.046697 seconds .

========================================================================
Received Import Request.
  Time since last request: 0.006086 seconds.
  path: Assets/Scripts/pausemenu.cs
  artifactKey: Guid(567f9fdd7c566854fafd0e7cf226d7ea) Importer(815301076,1909f56bfc062723c751e8b465ee728b)
Start importing Assets/Scripts/pausemenu.cs using Guid(567f9fdd7c566854fafd0e7cf226d7ea) Importer(815301076,1909f56bfc062723c751e8b465ee728b)  -> (artifact id: '4f18cff8b9423cb0462ca0c407208d6d') in 0.003556 seconds
  Import took 0.008178 seconds .

========================================================================
Received Import Request.
  Time since last request: 223.962595 seconds.
  path: Assets/Scripts/vnsave.cs
  artifactKey: Guid(1db0426bd086d3d4c89d79fa99a9a020) Importer(815301076,1909f56bfc062723c751e8b465ee728b)
Start importing Assets/Scripts/vnsave.cs using Guid(1db0426bd086d3d4c89d79fa99a9a020) Importer(815301076,1909f56bfc062723c751e8b465ee728b)  -> (artifact id: '1c99affa9c2ff33756d3e688593986df') in 0.002462 seconds
  Import took 0.007785 seconds .

========================================================================
Received Import Request.
  Time since last request: 0.001926 seconds.
  path: Assets/Scripts/vnsave.cs
  artifactKey: Guid(1db0426bd086d3d4c89d79fa99a9a020) Importer(815301076,1909f56bfc062723c751e8b465ee728b)
Start importing Assets/Scripts/vnsave.cs using Guid(1db0426bd086d3d4c89d79fa99a9a020) Importer(815301076,1909f56bfc062723c751e8b465ee728b)  -> (artifact id: '1c99affa9c2ff33756d3e688593986df') in 0.003200 seconds
  Import took 0.006966 seconds .

========================================================================
Received Import Request.
  Time since last request: 17.617231 seconds.
  path: Assets/Scripts/vnsave.cs
  artifactKey: Guid(6e18d10da6f504945b9b736e900083bc) Importer(815301076,1909f56bfc062723c751e8b465ee728b)
Start importing Assets/Scripts/vnsave.cs using Guid(6e18d10da6f504945b9b736e900083bc) Importer(815301076,1909f56bfc062723c751e8b465ee728b)  -> (artifact id: '981e41c21256e1b09e0eea40cfe44c94') in 0.002340 seconds
  Import took 0.005522 seconds .

========================================================================
Received Import Request.
  Time since last request: 0.001376 seconds.
  path: Assets/Scripts/vnsave.cs
  artifactKey: Guid(6e18d10da6f504945b9b736e900083bc) Importer(815301076,1909f56bfc062723c751e8b465ee728b)
Start importing Assets/Scripts/vnsave.cs using Guid(6e18d10da6f504945b9b736e900083bc) Importer(815301076,1909f56bfc062723c751e8b465ee728b)  -> (artifact id: '981e41c21256e1b09e0eea40cfe44c94') in 0.003102 seconds
  Import took 0.006759 seconds .

========================================================================
Received Prepare
Registering precompiled user dll's ...
Registered in 0.004852 seconds.
Begin MonoManager ReloadAssembly
Native extension for WindowsStandalone target not found
Refreshing native plugins compatible for Editor in 0.42 ms, found 2 plugins.
Preloading 0 native plugins for Editor in 0.00 ms.
Mono: successfully reloaded assembly
- Completed reload, in  0.910 seconds
Platform modules already initialized, skipping
Refreshing native plugins compatible for Editor in 0.41 ms, found 2 plugins.
Preloading 0 native plugins for Editor in 0.00 ms.
Unloading 2139 Unused Serialized files (Serialized files now loaded: 0)
System memory in use before: 88.2 MB.
System memory in use after: 88.2 MB.

Unloading 17 unused Assets to reduce memory usage. Loaded Objects now: 2597.
Total: 2.052600 ms (FindLiveObjects: 0.199100 ms CreateObjectMapping: 0.078700 ms MarkObjects: 1.673900 ms  DeleteObjects: 0.099800 ms)

========================================================================
Received Import Request.
  Time since last request: 18.867870 seconds.
  path: Assets/Scripts/vnsave.cs
  artifactKey: Guid(6e18d10da6f504945b9b736e900083bc) Importer(815301076,1909f56bfc062723c751e8b465ee728b)
Start importing Assets/Scripts/vnsave.cs using Guid(6e18d10da6f504945b9b736e900083bc) Importer(815301076,1909f56bfc062723c751e8b465ee728b)  -> (artifact id: '8e8e91e06d58bab6138f2222fc51f94e') in 0.004389 seconds
  Import took 0.008831 seconds .

========================================================================
Received Prepare
Registering precompiled user dll's ...
Registered in 0.004785 seconds.
Begin MonoManager ReloadAssembly
Native extension for WindowsStandalone target not found
Refreshing native plugins compatible for Editor in 0.42 ms, found 2 plugins.
Preloading 0 native plugins for Editor in 0.00 ms.
Mono: successfully reloaded assembly
- Completed reload, in  0.980 seconds
Platform modules already initialized, skipping
Refreshing native plugins compatible for Editor in 0.49 ms, found 2 plugins.
Preloading 0 native plugins for Editor in 0.00 ms.
Unloading 2139 Unused Serialized files (Serialized files now loaded: 0)
System memory in use before: 88.2 MB.
System memory in use after: 88.2 MB.

Unloading 16 unused Assets to reduce memory usage. Loaded Objects now: 2600.
Total: 2.291500 ms (FindLiveObjects: 0.233300 ms CreateObjectMapping: 0.099800 ms MarkObjects: 1.839800 ms  DeleteObjects: 0.117200 ms)

========================================================================
Received Import Request.
  Time since last request: 94.438224 seconds.
  path: Assets/Scenes 2/at school 1.unity
  artifactKey: Guid(d06f77ce24c21324f940ccc61304c5b9) Importer(815301076,1909f56bfc062723c751e8b465ee728b)
Start importing Assets/Scenes 2/at school 1.unity using Guid(d06f77ce24c21324f940ccc61304c5b9) Importer(815301076,1909f56bfc062723c751e8b465ee728b)  -> (artifact id: '1e0c5e25ce46e7ee7652257ee0ad6b50') in 0.015500 seconds
  Import took 0.018568 seconds .

========================================================================
Received Import Request.
  Time since last request: 27.475962 seconds.
  path: Assets/Scenes 2/at house 1.unity
  artifactKey: Guid(2b27f3609b7fd6a4094f8d5d97a82a21) Importer(815301076,1909f56bfc062723c751e8b465ee728b)
Start importing Assets/Scenes 2/at house 1.unity using Guid(2b27f3609b7fd6a4094f8d5d97a82a21) Importer(815301076,1909f56bfc062723c751e8b465ee728b)  -> (artifact id: '1c310f1536278f73a3c78e50694c6cf6') in 0.003082 seconds
  Import took 0.006387 seconds .

========================================================================
Received Import Request.
  Time since last request: 140.002171 seconds.
  path: Assets/Scenes 2/behind school 1.unity
  artifactKey: Guid(a26ce5d6e40e31646ae2e6455488df1f) Importer(815301076,1909f56bfc062723c751e8b465ee728b)
Start importing Assets/Scenes 2/behind school 1.unity using Guid(a26ce5d6e40e31646ae2e6455488df1f) Importer(815301076,1909f56bfc062723c751e8b465ee728b)  -> (artifact id: '3106c72e9c438e7aa22dfa4fe586f27d') in 0.004162 seconds
  Import took 0.007539 seconds .

========================================================================
Received Prepare
Registering precompiled user dll's ...
Registered in 0.004171 seconds.
Begin MonoManager ReloadAssembly
Native extension for WindowsStandalone target not found
Refreshing native plugins compatible for Editor in 0.68 ms, found 2 plugins.
Preloading 0 native plugins for Editor in 0.00 ms.
Mono: successfully reloaded assembly
- Completed reload, in  0.877 seconds
Platform modules already initialized, skipping
Refreshing native plugins compatible for Editor in 0.50 ms, found 2 plugins.
Preloading 0 native plugins for Editor in 0.00 ms.
Unloading 2139 Unused Serialized files (Serialized files now loaded: 0)
System memory in use before: 88.1 MB.
System memory in use after: 88.1 MB.

Unloading 16 unused Assets to reduce memory usage. Loaded Objects now: 2603.
Total: 2.760900 ms (FindLiveObjects: 0.259600 ms CreateObjectMapping: 0.085500 ms MarkObjects: 2.287500 ms  DeleteObjects: 0.127000 ms)

========================================================================
Received Import Request.
  Time since last request: 35.171991 seconds.
  path: Assets/Scenes 2/elijah 1.unity
  artifactKey: Guid(64419cb070658f541b0ab9268504579c) Importer(815301076,1909f56bfc062723c751e8b465ee728b)
Start importing Assets/Scenes 2/elijah 1.unity using Guid(64419cb070658f541b0ab9268504579c) Importer(815301076,1909f56bfc062723c751e8b465ee728b)  -> (artifact id: 'd337855973cdbfeb863937d0a360b421') in 0.015954 seconds
  Import took 0.021046 seconds .

========================================================================
Received Import Request.
  Time since last request: 38.461867 seconds.
  path: Assets/Scenes 2/MC 1.unity
  artifactKey: Guid(8160002eb17831448869e64bf9b9085d) Importer(815301076,1909f56bfc062723c751e8b465ee728b)
Start importing Assets/Scenes 2/MC 1.unity using Guid(8160002eb17831448869e64bf9b9085d) Importer(815301076,1909f56bfc062723c751e8b465ee728b)  -> (artifact id: '945e9d8491176fcd7768f7d3733913d2') in 0.003658 seconds
  Import took 0.007032 seconds .

========================================================================
Received Import Request.
  Time since last request: 60.496779 seconds.
  path: Assets/Scenes 2/penelope 1.unity
  artifactKey: Guid(9d978de76959aa641b3eb09bf42034d0) Importer(815301076,1909f56bfc062723c751e8b465ee728b)
Start importing Assets/Scenes 2/penelope 1.unity using Guid(9d978de76959aa641b3eb09bf42034d0) Importer(815301076,1909f56bfc062723c751e8b465ee728b)  -> (artifact id: '5876634dc5ff906a814801e5ec754c9d') in 0.003240 seconds
  Import took 0.006693 seconds .

========================================================================
Received Import Request.
  Time since last request: 31.808263 seconds.
  path: Assets/Scenes 2/prologue.unity
  artifactKey: Guid(741b5bf6e719b054889f03a61d0c94c4) Importer(815301076,1909f56bfc062723c751e8b465ee728b)
Start importing Assets/Scenes 2/prologue.unity using Guid(741b5bf6e719b054889f03a61d0c94c4) Importer(815301076,1909f56bfc062723c751e8b465ee728b)  -> (artifact id: '6c4b2bb54e279a513ba9e7ddcc071ee3') in 0.003296 seconds
  Import took 0.008205 seconds .

========================================================================
Received Import Request.
  Time since last request: 35.908056 seconds.
  path: Assets/Scenes 2/New Folder
  artifactKey: Guid(9e5838b34293268439e871e80b7f4b53) Importer(815301076,1909f56bfc062723c751e8b465ee728b)
Start importing Assets/Scenes 2/New Folder using Guid(9e5838b34293268439e871e80b7f4b53) Importer(815301076,1909f56bfc062723c751e8b465ee728b)  -> (artifact id: 'cf60a6bd52af8cc7dabb4098edeccd3d') in 0.002991 seconds
  Import took 0.006502 seconds .

========================================================================
Received Import Request.
  Time since last request: 38.154420 seconds.
  path: Assets/Scenes/Level 1.unity
  artifactKey: Guid(9a7b1cfdc1acf3543a6e5706eeddebaf) Importer(815301076,1909f56bfc062723c751e8b465ee728b)
Start importing Assets/Scenes/Level 1.unity using Guid(9a7b1cfdc1acf3543a6e5706eeddebaf) Importer(815301076,1909f56bfc062723c751e8b465ee728b)  -> (artifact id: '21fd7cda45c94101e510b5f56168c68f') in 0.003304 seconds
  Import took 0.008100 seconds .

========================================================================
Received Prepare
Registering precompiled user dll's ...
Registered in 0.005190 seconds.
Begin MonoManager ReloadAssembly
Native extension for WindowsStandalone target not found
Refreshing native plugins compatible for Editor in 0.48 ms, found 2 plugins.
Preloading 0 native plugins for Editor in 0.00 ms.
Mono: successfully reloaded assembly
- Completed reload, in  1.109 seconds
Platform modules already initialized, skipping
Refreshing native plugins compatible for Editor in 0.48 ms, found 2 plugins.
Preloading 0 native plugins for Editor in 0.00 ms.
Unloading 2139 Unused Serialized files (Serialized files now loaded: 0)
System memory in use before: 88.2 MB.
System memory in use after: 88.2 MB.

Unloading 16 unused Assets to reduce memory usage. Loaded Objects now: 2606.
Total: 3.083000 ms (FindLiveObjects: 0.436300 ms CreateObjectMapping: 0.192700 ms MarkObjects: 2.312900 ms  DeleteObjects: 0.139600 ms)

========================================================================
Received Import Request.
  Time since last request: 193.103985 seconds.
  path: Assets/Scenes/Level 5.unity
  artifactKey: Guid(b7bc1912907e13946b54784f4e181ac9) Importer(815301076,1909f56bfc062723c751e8b465ee728b)
Start importing Assets/Scenes/Level 5.unity using Guid(b7bc1912907e13946b54784f4e181ac9) Importer(815301076,1909f56bfc062723c751e8b465ee728b)  -> (artifact id: 'e2ff4ca16b45f76878ab2e3d0c6d393e') in 0.012082 seconds
  Import took 0.015874 seconds .

========================================================================
Received Import Request.
  Time since last request: 4.135849 seconds.
  path: Assets/Scenes/Level 4.unity
  artifactKey: Guid(4cf0239112fa2564ab317ce768309458) Importer(815301076,1909f56bfc062723c751e8b465ee728b)
Start importing Assets/Scenes/Level 4.unity using Guid(4cf0239112fa2564ab317ce768309458) Importer(815301076,1909f56bfc062723c751e8b465ee728b)  -> (artifact id: '1c6d3c66f447fff8aed4cd8e40a82365') in 0.002953 seconds
  Import took 0.007194 seconds .

========================================================================
Received Import Request.
  Time since last request: 13.337644 seconds.
  path: Assets/Scenes/Level 3.unity
  artifactKey: Guid(8a3ac1deb7d3bbd43a79618646113391) Importer(815301076,1909f56bfc062723c751e8b465ee728b)
Start importing Assets/Scenes/Level 3.unity using Guid(8a3ac1deb7d3bbd43a79618646113391) Importer(815301076,1909f56bfc062723c751e8b465ee728b)  -> (artifact id: '09e93127843113bcb27df91bbe445bf9') in 0.002776 seconds
  Import took 0.006857 seconds .

========================================================================
Received Import Request.
  Time since last request: 1.337884 seconds.
  path: Assets/Scenes/Level 2.unity
  artifactKey: Guid(1e23a5a7e97ede64781e274134ff23db) Importer(815301076,1909f56bfc062723c751e8b465ee728b)
Start importing Assets/Scenes/Level 2.unity using Guid(1e23a5a7e97ede64781e274134ff23db) Importer(815301076,1909f56bfc062723c751e8b465ee728b)  -> (artifact id: '7c696bc61a56b930c6d0e071605ea565') in 0.003178 seconds
  Import took 0.008504 seconds .

========================================================================
Received Prepare
Registering precompiled user dll's ...
Registered in 0.010393 seconds.
Begin MonoManager ReloadAssembly
Native extension for WindowsStandalone target not found
Refreshing native plugins compatible for Editor in 0.84 ms, found 2 plugins.
Preloading 0 native plugins for Editor in 0.00 ms.
Mono: successfully reloaded assembly
- Completed reload, in  2.815 seconds
Platform modules already initialized, skipping
Refreshing native plugins compatible for Editor in 0.95 ms, found 2 plugins.
Preloading 0 native plugins for Editor in 0.00 ms.
Unloading 2139 Unused Serialized files (Serialized files now loaded: 0)
System memory in use before: 88.3 MB.
System memory in use after: 88.3 MB.

Unloading 16 unused Assets to reduce memory usage. Loaded Objects now: 2609.
Total: 6.599300 ms (FindLiveObjects: 0.902200 ms CreateObjectMapping: 0.791300 ms MarkObjects: 4.586600 ms  DeleteObjects: 0.314300 ms)

========================================================================
Received Prepare
Registering precompiled user dll's ...
Registered in 0.013424 seconds.
Begin MonoManager ReloadAssembly
Native extension for WindowsStandalone target not found
Refreshing native plugins compatible for Editor in 0.97 ms, found 2 plugins.
Preloading 0 native plugins for Editor in 0.00 ms.
Mono: successfully reloaded assembly
- Completed reload, in  3.542 seconds
Platform modules already initialized, skipping
Refreshing native plugins compatible for Editor in 0.60 ms, found 2 plugins.
Preloading 0 native plugins for Editor in 0.00 ms.
Unloading 2139 Unused Serialized files (Serialized files now loaded: 0)
System memory in use before: 88.3 MB.
System memory in use after: 88.3 MB.

Unloading 16 unused Assets to reduce memory usage. Loaded Objects now: 2612.
Total: 3.396900 ms (FindLiveObjects: 0.356200 ms CreateObjectMapping: 0.148700 ms MarkObjects: 2.717600 ms  DeleteObjects: 0.172200 ms)

========================================================================
Received Prepare
Registering precompiled user dll's ...
Registered in 0.004261 seconds.
Begin MonoManager ReloadAssembly
Native extension for WindowsStandalone target not found
Refreshing native plugins compatible for Editor in 0.53 ms, found 2 plugins.
Preloading 0 native plugins for Editor in 0.00 ms.
Mono: successfully reloaded assembly
- Completed reload, in  1.277 seconds
Platform modules already initialized, skipping
Refreshing native plugins compatible for Editor in 0.62 ms, found 2 plugins.
Preloading 0 native plugins for Editor in 0.00 ms.
Unloading 2139 Unused Serialized files (Serialized files now loaded: 0)
System memory in use before: 88.3 MB.
System memory in use after: 88.3 MB.

Unloading 16 unused Assets to reduce memory usage. Loaded Objects now: 2615.
Total: 4.534000 ms (FindLiveObjects: 0.244000 ms CreateObjectMapping: 0.108100 ms MarkObjects: 4.037200 ms  DeleteObjects: 0.143100 ms)

========================================================================
Received Prepare
Registering precompiled user dll's ...
Registered in 0.011810 seconds.
Begin MonoManager ReloadAssembly
Native extension for WindowsStandalone target not found
Refreshing native plugins compatible for Editor in 1.13 ms, found 2 plugins.
Preloading 0 native plugins for Editor in 0.00 ms.
Mono: successfully reloaded assembly
- Completed reload, in  3.231 seconds
Platform modules already initialized, skipping
Refreshing native plugins compatible for Editor in 1.39 ms, found 2 plugins.
Preloading 0 native plugins for Editor in 0.00 ms.
Unloading 2139 Unused Serialized files (Serialized files now loaded: 0)
System memory in use before: 88.2 MB.
System memory in use after: 88.2 MB.

Unloading 16 unused Assets to reduce memory usage. Loaded Objects now: 2618.
Total: 7.474400 ms (FindLiveObjects: 0.540700 ms CreateObjectMapping: 0.286300 ms MarkObjects: 6.358000 ms  DeleteObjects: 0.280900 ms)

========================================================================
Received Prepare
Registering precompiled user dll's ...
Registered in 0.011555 seconds.
Begin MonoManager ReloadAssembly
Native extension for WindowsStandalone target not found
Refreshing native plugins compatible for Editor in 0.96 ms, found 2 plugins.
Preloading 0 native plugins for Editor in 0.00 ms.
Mono: successfully reloaded assembly
- Completed reload, in  2.368 seconds
Platform modules already initialized, skipping
Refreshing native plugins compatible for Editor in 0.76 ms, found 2 plugins.
Preloading 0 native plugins for Editor in 0.00 ms.
Unloading 2139 Unused Serialized files (Serialized files now loaded: 0)
System memory in use before: 88.3 MB.
System memory in use after: 88.3 MB.

Unloading 16 unused Assets to reduce memory usage. Loaded Objects now: 2621.
Total: 5.714500 ms (FindLiveObjects: 0.602800 ms CreateObjectMapping: 0.300000 ms MarkObjects: 4.575400 ms  DeleteObjects: 0.233000 ms)

========================================================================
Received Import Request.
  Time since last request: 1584.826544 seconds.
  path: Assets/Animations/amenu.anim
  artifactKey: Guid(f6b701699daf97244acf339ae074a4e5) Importer(815301076,1909f56bfc062723c751e8b465ee728b)
Start importing Assets/Animations/amenu.anim using Guid(f6b701699daf97244acf339ae074a4e5) Importer(815301076,1909f56bfc062723c751e8b465ee728b)  -> (artifact id: 'e0b888779283f89735dac57ff3e7cc67') in 0.015743 seconds
  Import took 0.018975 seconds .

========================================================================
Received Import Request.
  Time since last request: 5.359044 seconds.
  path: Assets/Animations/Level Complete.anim
  artifactKey: Guid(28ba3a9454da2a04b87cc8abfc3fdadd) Importer(815301076,1909f56bfc062723c751e8b465ee728b)
Start importing Assets/Animations/Level Complete.anim using Guid(28ba3a9454da2a04b87cc8abfc3fdadd) Importer(815301076,1909f56bfc062723c751e8b465ee728b)  -> (artifact id: '940c96d8bd08db86e0237eb04565eb7a') in 0.005379 seconds
  Import took 0.009328 seconds .

========================================================================
Received Import Request.
  Time since last request: 0.002293 seconds.
  path: Assets/Animations/Level Complete.anim
  artifactKey: Guid(28ba3a9454da2a04b87cc8abfc3fdadd) Importer(815301076,1909f56bfc062723c751e8b465ee728b)
Start importing Assets/Animations/Level Complete.anim using Guid(28ba3a9454da2a04b87cc8abfc3fdadd) Importer(815301076,1909f56bfc062723c751e8b465ee728b)  -> (artifact id: '940c96d8bd08db86e0237eb04565eb7a') in 0.006129 seconds
  Import took 0.009676 seconds .

========================================================================
Received Import Request.
  Time since last request: 2.108957 seconds.
  path: Assets/Animations/smenu.anim
  artifactKey: Guid(75838d2b410577348801be3683d8057f) Importer(815301076,1909f56bfc062723c751e8b465ee728b)
Start importing Assets/Animations/smenu.anim using Guid(75838d2b410577348801be3683d8057f) Importer(815301076,1909f56bfc062723c751e8b465ee728b)  -> (artifact id: '02a74d83683997a174ec61649d9ab4d1') in 0.003236 seconds
  Import took 0.008651 seconds .

========================================================================
Received Import Request.
  Time since last request: 0.003137 seconds.
  path: Assets/Animations/smenu.anim
  artifactKey: Guid(75838d2b410577348801be3683d8057f) Importer(815301076,1909f56bfc062723c751e8b465ee728b)
Start importing Assets/Animations/smenu.anim using Guid(75838d2b410577348801be3683d8057f) Importer(815301076,1909f56bfc062723c751e8b465ee728b)  -> (artifact id: '02a74d83683997a174ec61649d9ab4d1') in 0.004236 seconds
  Import took 0.008579 seconds .

========================================================================
Received Import Request.
  Time since last request: 26.747459 seconds.
  path: Assets/Scenes/Level 7.unity
  artifactKey: Guid(a44d0c74cff628946a8416a338ceee0f) Importer(815301076,1909f56bfc062723c751e8b465ee728b)
Start importing Assets/Scenes/Level 7.unity using Guid(a44d0c74cff628946a8416a338ceee0f) Importer(815301076,1909f56bfc062723c751e8b465ee728b)  -> (artifact id: '4aa39e434364d3e157778cfedaff5841') in 0.004293 seconds
  Import took 0.009525 seconds .

========================================================================
Received Import Request.
  Time since last request: 40.479391 seconds.
  path: Assets/Scenes/Level 6.unity
  artifactKey: Guid(252b13de13c35bf4a9a196d75f298d4c) Importer(815301076,1909f56bfc062723c751e8b465ee728b)
Start importing Assets/Scenes/Level 6.unity using Guid(252b13de13c35bf4a9a196d75f298d4c) Importer(815301076,1909f56bfc062723c751e8b465ee728b)  -> (artifact id: '34842d308f4c53a60591f83e3a155ef8') in 0.003182 seconds
  Import took 0.007783 seconds .

========================================================================
Received Import Request.
  Time since last request: 26.292293 seconds.
  path: Assets/Scenes/Level 5.unity
  artifactKey: Guid(b7bc1912907e13946b54784f4e181ac9) Importer(815301076,1909f56bfc062723c751e8b465ee728b)
Start importing Assets/Scenes/Level 5.unity using Guid(b7bc1912907e13946b54784f4e181ac9) Importer(815301076,1909f56bfc062723c751e8b465ee728b)  -> (artifact id: '131f171403a016f72e7495e6bc0201f6') in 0.003292 seconds
  Import took 0.006858 seconds .

AssetImportWorkerClient::OnTransportError - code=2 error=End of file
